<?xml version="1.0" encoding="UTF-8"?>
<testsuite xmlns:xsi="http://www.w3.org/2001/XMLSchema-instance" xsi:noNamespaceSchemaLocation="https://maven.apache.org/surefire/maven-surefire-plugin/xsd/surefire-test-report.xsd" name="GenreSelectionTest" time="0.058" tests="4" errors="0" skipped="0" failures="0">
  <properties>
[...]
</properties>
  <testcase name="testOneGenreSelected" classname="GenreSelectionTest" time="0.037"/>
  <testcase name="testMultipleGenresSelected" classname="GenreSelectionTest" time="0.001"/>
  <testcase name="testInvalidGenreSelected" classname="GenreSelectionTest" time="0.002"/>
  <testcase name="testNoGenreSelected" classname="GenreSelectionTest" time="0.002"/>
</testsuite>